TN:
SF:C:\Work\Angular_training\search-engine\src\polyfills.ts
FNF:0
FNH:0
LF:0
LH:0
BRF:0
BRH:0
end_of_record
TN:
SF:C:\Work\Angular_training\search-engine\src\test.ts
FNF:0
FNH:0
DA:13,1
DA:18,1
DA:20,1
LF:3
LH:3
BRF:0
BRH:0
end_of_record
TN:
SF:C:\Work\Angular_training\search-engine\src\app\app.component.ts
FN:8,(anonymous_0)
FN:3,AppComponent
FNF:2
FNH:2
FNDA:1,(anonymous_0)
FNDA:2,AppComponent
DA:8,1
DA:9,2
DA:10,1
LF:3
LH:3
BRF:0
BRH:0
end_of_record
TN:
SF:C:\Work\Angular_training\search-engine\src\app\components\home\home.component.ts
FN:18,(anonymous_0)
FN:35,HomeComponent
FN:39,(anonymous_2)
FN:43,(anonymous_3)
FN:47,(anonymous_4)
FN:50,(anonymous_5)
FN:51,(anonymous_6)
FN:61,(anonymous_7)
FN:65,(anonymous_8)
FN:66,(anonymous_9)
FN:83,(anonymous_10)
FN:90,(anonymous_11)
FN:92,(anonymous_12)
FN:94,(anonymous_13)
FN:106,(anonymous_14)
FN:113,(anonymous_15)
FN:115,(anonymous_16)
FN:118,(anonymous_17)
FN:136,(anonymous_18)
FN:144,(anonymous_19)
FNF:20
FNH:7
FNDA:1,(anonymous_0)
FNDA:7,HomeComponent
FNDA:5,(anonymous_2)
FNDA:6,(anonymous_3)
FNDA:0,(anonymous_4)
FNDA:0,(anonymous_5)
FNDA:0,(anonymous_6)
FNDA:1,(anonymous_7)
FNDA:0,(anonymous_8)
FNDA:0,(anonymous_9)
FNDA:0,(anonymous_10)
FNDA:0,(anonymous_11)
FNDA:0,(anonymous_12)
FNDA:0,(anonymous_13)
FNDA:0,(anonymous_14)
FNDA:0,(anonymous_15)
FNDA:0,(anonymous_16)
FNDA:0,(anonymous_17)
FNDA:1,(anonymous_18)
FNDA:1,(anonymous_19)
DA:18,1
DA:19,7
DA:20,7
DA:21,7
DA:23,7
DA:24,7
DA:25,7
DA:26,7
DA:27,7
DA:28,7
DA:29,7
DA:30,7
DA:36,7
DA:39,1
DA:40,5
DA:43,1
DA:44,6
DA:47,1
DA:48,0
DA:49,0
DA:51,0
DA:52,0
DA:53,0
DA:54,0
DA:61,1
DA:62,1
DA:63,1
DA:64,1
DA:66,0
DA:67,0
DA:69,0
DA:70,0
DA:71,0
DA:72,0
DA:73,0
DA:75,0
DA:76,0
DA:83,1
DA:84,0
DA:85,0
DA:86,0
DA:90,1
DA:91,0
DA:93,0
DA:94,0
DA:95,0
DA:96,0
DA:97,0
DA:98,0
DA:99,0
DA:102,0
DA:103,0
DA:106,1
DA:107,0
DA:108,0
DA:109,0
DA:113,1
DA:114,0
DA:116,0
DA:118,0
DA:119,0
DA:121,0
DA:123,0
DA:124,0
DA:125,0
DA:126,0
DA:128,0
DA:131,0
DA:132,0
DA:136,1
DA:137,1
DA:138,1
DA:139,1
DA:140,1
DA:141,1
DA:144,1
DA:145,1
DA:153,1
LF:78
LH:35
BRDA:72,0,0,0
BRDA:72,0,1,0
BRDA:72,1,0,0
BRDA:72,1,1,0
BRDA:73,2,0,0
BRDA:73,2,1,0
BRDA:76,3,0,0
BRDA:76,3,1,0
BRDA:76,3,2,0
BRDA:84,4,0,0
BRDA:84,4,1,0
BRDA:95,5,0,0
BRDA:95,5,1,0
BRDA:97,6,0,0
BRDA:97,6,1,0
BRDA:107,7,0,0
BRDA:107,7,1,0
BRDA:123,8,0,0
BRDA:123,8,1,0
BRDA:125,9,0,0
BRDA:125,9,1,0
BRF:21
BRH:0
end_of_record
TN:
SF:C:\Work\Angular_training\search-engine\src\app\components\job-card\job-card.component.ts
FN:9,(anonymous_0)
FN:13,JobCardComponent
FN:15,(anonymous_2)
FNF:3
FNH:3
FNDA:1,(anonymous_0)
FNDA:1,JobCardComponent
FNDA:1,(anonymous_2)
DA:9,1
DA:12,1
DA:15,1
DA:19,1
LF:4
LH:4
BRF:0
BRH:0
end_of_record
TN:
SF:C:\Work\Angular_training\search-engine\src\app\models\job.ts
FN:3,(anonymous_0)
FNF:1
FNH:1
FNDA:2,(anonymous_0)
DA:3,1
DA:20,1
LF:2
LH:2
BRF:0
BRH:0
end_of_record
TN:
SF:C:\Work\Angular_training\search-engine\src\app\services\jobs.service.ts
FN:12,(anonymous_0)
FN:14,JobsService
FN:18,(anonymous_2)
FN:20,(anonymous_3)
FNF:4
FNH:3
FNDA:1,(anonymous_0)
FNDA:9,JobsService
FNDA:7,(anonymous_2)
FNDA:0,(anonymous_3)
DA:7,1
DA:12,1
DA:15,9
DA:18,1
DA:19,7
DA:21,0
DA:25,1
LF:7
LH:6
BRF:0
BRH:0
end_of_record
